# JRE version: Java(TM) SE Runtime Environment (8.0_121-b13) (build 1.8.0_121-b13)
# Java VM: Java HotSpot(TM) Client VM (25.121-b13 mixed mode windows-x86 )
Heap:
 def new generation   total 25984K, used 9233K [0x04a00000, 0x06630000, 0x09f50000)
  eden space 23104K,  38% used [0x04a00000, 0x052b5050, 0x06090000)
  from space 2880K,  11% used [0x06090000, 0x060df768, 0x06360000)
  to   space 2880K,   0% used [0x06360000, 0x06360000, 0x06630000)
 tenured generation   total 57624K, used 34816K [0x09f50000, 0x0d796000, 0x14a00000)
   the space 57624K,  60% used [0x09f50000, 0x0c150258, 0x0c150400, 0x0d796000)
 Metaspace       used 31959K, capacity 32446K, committed 32768K, reserved 33152K
GC Heap History (10 events):
Event: 4591.387 GC heap before
{Heap before GC invocations=1201 (full 5):
 def new generation   total 25984K, used 23380K [0x04a00000, 0x06630000, 0x09f50000)
  eden space 23104K, 100% used [0x04a00000, 0x06090000, 0x06090000)
  from space 2880K,   9% used [0x06090000, 0x060d53b8, 0x06360000)
  to   space 2880K,   0% used [0x06360000, 0x06360000, 0x06630000)
 tenured generation   total 57624K, used 34816K [0x09f50000, 0x0d796000, 0x14a00000)
   the space 57624K,  60% used [0x09f50000, 0x0c150200, 0x0c150200, 0x0d796000)
 Metaspace       used 31959K, capacity 32446K, committed 32768K, reserved 33152K
Event: 4591.390 GC heap after
Heap after GC invocations=1202 (full 5):
 def new generation   total 25984K, used 270K [0x04a00000, 0x06630000, 0x09f50000)
  eden space 23104K,   0% used [0x04a00000, 0x04a00000, 0x06090000)
  from space 2880K,   9% used [0x06360000, 0x063a3a80, 0x06630000)
  to   space 2880K,   0% used [0x06090000, 0x06090000, 0x06360000)
 tenured generation   total 57624K, used 34816K [0x09f50000, 0x0d796000, 0x14a00000)
   the space 57624K,  60% used [0x09f50000, 0x0c150200, 0x0c150200, 0x0d796000)
 Metaspace       used 31959K, capacity 32446K, committed 32768K, reserved 33152K
}
Event: 4591.419 GC heap before
{Heap before GC invocations=1202 (full 5):
 def new generation   total 25984K, used 23374K [0x04a00000, 0x06630000, 0x09f50000)
  eden space 23104K, 100% used [0x04a00000, 0x06090000, 0x06090000)
  from space 2880K,   9% used [0x06360000, 0x063a3a80, 0x06630000)
  to   space 2880K,   0% used [0x06090000, 0x06090000, 0x06360000)
 tenured generation   total 57624K, used 34816K [0x09f50000, 0x0d796000, 0x14a00000)
   the space 57624K,  60% used [0x09f50000, 0x0c150200, 0x0c150200, 0x0d796000)
 Metaspace       used 31959K, capacity 32446K, committed 32768K, reserved 33152K
Event: 4591.422 GC heap after
Heap after GC invocations=1203 (full 5):
 def new generation   total 25984K, used 299K [0x04a00000, 0x06630000, 0x09f50000)
  eden space 23104K,   0% used [0x04a00000, 0x04a00000, 0x06090000)
  from space 2880K,  10% used [0x06090000, 0x060dac90, 0x06360000)
  to   space 2880K,   0% used [0x06360000, 0x06360000, 0x06630000)
 tenured generation   total 57624K, used 34816K [0x09f50000, 0x0d796000, 0x14a00000)
   the space 57624K,  60% used [0x09f50000, 0x0c150200, 0x0c150200, 0x0d796000)
 Metaspace       used 31959K, capacity 32446K, committed 32768K, reserved 33152K
}
Event: 4591.451 GC heap before
{Heap before GC invocations=1203 (full 5):
 def new generation   total 25984K, used 23403K [0x04a00000, 0x06630000, 0x09f50000)
  eden space 23104K, 100% used [0x04a00000, 0x06090000, 0x06090000)
  from space 2880K,  10% used [0x06090000, 0x060dac90, 0x06360000)
  to   space 2880K,   0% used [0x06360000, 0x06360000, 0x06630000)
 tenured generation   total 57624K, used 34816K [0x09f50000, 0x0d796000, 0x14a00000)
   the space 57624K,  60% used [0x09f50000, 0x0c150200, 0x0c150200, 0x0d796000)
 Metaspace       used 31959K, capacity 32446K, committed 32768K, reserved 33152K
Event: 4591.453 GC heap after
Heap after GC invocations=1204 (full 5):
 def new generation   total 25984K, used 312K [0x04a00000, 0x06630000, 0x09f50000)
  eden space 23104K,   0% used [0x04a00000, 0x04a00000, 0x06090000)
  from space 2880K,  10% used [0x06360000, 0x063ae010, 0x06630000)
  to   space 2880K,   0% used [0x06090000, 0x06090000, 0x06360000)
 tenured generation   total 57624K, used 34816K [0x09f50000, 0x0d796000, 0x14a00000)
   the space 57624K,  60% used [0x09f50000, 0x0c150220, 0x0c150400, 0x0d796000)
 Metaspace       used 31959K, capacity 32446K, committed 32768K, reserved 33152K
}
Event: 4591.481 GC heap before
{Heap before GC invocations=1204 (full 5):
 def new generation   total 25984K, used 23416K [0x04a00000, 0x06630000, 0x09f50000)
  eden space 23104K, 100% used [0x04a00000, 0x06090000, 0x06090000)
  from space 2880K,  10% used [0x06360000, 0x063ae010, 0x06630000)
  to   space 2880K,   0% used [0x06090000, 0x06090000, 0x06360000)
 tenured generation   total 57624K, used 34816K [0x09f50000, 0x0d796000, 0x14a00000)
   the space 57624K,  60% used [0x09f50000, 0x0c150220, 0x0c150400, 0x0d796000)
 Metaspace       used 31959K, capacity 32446K, committed 32768K, reserved 33152K
Event: 4591.484 GC heap after
Heap after GC invocations=1205 (full 5):
 def new generation   total 25984K, used 316K [0x04a00000, 0x06630000, 0x09f50000)
  eden space 23104K,   0% used [0x04a00000, 0x04a00000, 0x06090000)
  from space 2880K,  10% used [0x06090000, 0x060df128, 0x06360000)
  to   space 2880K,   0% used [0x06360000, 0x06360000, 0x06630000)
 tenured generation   total 57624K, used 34816K [0x09f50000, 0x0d796000, 0x14a00000)
   the space 57624K,  60% used [0x09f50000, 0x0c150220, 0x0c150400, 0x0d796000)
 Metaspace       used 31959K, capacity 32446K, committed 32768K, reserved 33152K
}
Event: 4591.511 GC heap before
{Heap before GC invocations=1205 (full 5):
 def new generation   total 25984K, used 23420K [0x04a00000, 0x06630000, 0x09f50000)
  eden space 23104K, 100% used [0x04a00000, 0x06090000, 0x06090000)
  from space 2880K,  10% used [0x06090000, 0x060df128, 0x06360000)
  to   space 2880K,   0% used [0x06360000, 0x06360000, 0x06630000)
 tenured generation   total 57624K, used 34816K [0x09f50000, 0x0d796000, 0x14a00000)
   the space 57624K,  60% used [0x09f50000, 0x0c150220, 0x0c150400, 0x0d796000)
 Metaspace       used 31959K, capacity 32446K, committed 32768K, reserved 33152K
Event: 4591.513 GC heap after
Heap after GC invocations=1206 (full 5):
 def new generation   total 25984K, used 296K [0x04a00000, 0x06630000, 0x09f50000)
  eden space 23104K,   0% used [0x04a00000, 0x04a00000, 0x06090000)
  from space 2880K,  10% used [0x06360000, 0x063aa110, 0x06630000)
  to   space 2880K,   0% used [0x06090000, 0x06090000, 0x06360000)
 tenured generation   total 57624K, used 34816K [0x09f50000, 0x0d796000, 0x14a00000)
   the space 57624K,  60% used [0x09f50000, 0x0c150258, 0x0c150400, 0x0d796000)
 Metaspace       used 31959K, capacity 32446K, committed 32768K, reserved 33152K
}

